{"/home/thiago.carvalho/Documents/node-projects/store-microservices/invoice/src/errors/domain.ts": {"path":"/home/thiago.carvalho/Documents/node-projects/store-microservices/invoice/src/errors/domain.ts","statementMap":{"0":{"start":{"line":3,"column":8},"end":{"line":3,"column":23}},"1":{"start":{"line":4,"column":8},"end":{"line":4,"column":34}},"2":{"start":{"line":1,"column":0},"end":{"line":1,"column":13}},"3":{"start":{"line":10,"column":8},"end":{"line":10,"column":23}},"4":{"start":{"line":11,"column":8},"end":{"line":11,"column":43}},"5":{"start":{"line":8,"column":0},"end":{"line":8,"column":13}}},"fnMap":{"0":{"name":"(anonymous_0)","decl":{"start":{"line":2,"column":4},"end":{"line":2,"column":16}},"loc":{"start":{"line":2,"column":31},"end":{"line":5,"column":5}}},"1":{"name":"(anonymous_1)","decl":{"start":{"line":9,"column":4},"end":{"line":9,"column":16}},"loc":{"start":{"line":9,"column":31},"end":{"line":12,"column":5}}}},"branchMap":{},"s":{"0":0,"1":0,"2":1,"3":0,"4":0,"5":1},"f":{"0":0,"1":0},"b":{}}
,"/home/thiago.carvalho/Documents/node-projects/store-microservices/invoice/src/errors/index.ts": {"path":"/home/thiago.carvalho/Documents/node-projects/store-microservices/invoice/src/errors/index.ts","statementMap":{"0":{"start":{"line":1,"column":0},"end":{"line":1,"column":25}}},"fnMap":{},"branchMap":{},"s":{"0":1},"f":{},"b":{}}
,"/home/thiago.carvalho/Documents/node-projects/store-microservices/invoice/src/models/index.ts": {"path":"/home/thiago.carvalho/Documents/node-projects/store-microservices/invoice/src/models/index.ts","statementMap":{"0":{"start":{"line":1,"column":0},"end":{"line":1,"column":26}},"1":{"start":{"line":2,"column":0},"end":{"line":2,"column":29}},"2":{"start":{"line":3,"column":0},"end":{"line":3,"column":31}}},"fnMap":{},"branchMap":{},"s":{"0":1,"1":1,"2":1},"f":{},"b":{}}
,"/home/thiago.carvalho/Documents/node-projects/store-microservices/invoice/src/models/invoice-item.ts": {"path":"/home/thiago.carvalho/Documents/node-projects/store-microservices/invoice/src/models/invoice-item.ts","statementMap":{"0":{"start":{"line":15,"column":8},"end":{"line":15,"column":25}},"1":{"start":{"line":16,"column":8},"end":{"line":16,"column":31}},"2":{"start":{"line":17,"column":8},"end":{"line":17,"column":33}},"3":{"start":{"line":1,"column":0},"end":{"line":1,"column":13}}},"fnMap":{"0":{"name":"(anonymous_0)","decl":{"start":{"line":6,"column":4},"end":{"line":6,"column":16}},"loc":{"start":{"line":14,"column":5},"end":{"line":18,"column":5}}}},"branchMap":{},"s":{"0":1,"1":1,"2":1,"3":1},"f":{"0":1},"b":{}}
,"/home/thiago.carvalho/Documents/node-projects/store-microservices/invoice/src/models/invoice.ts": {"path":"/home/thiago.carvalho/Documents/node-projects/store-microservices/invoice/src/models/invoice.ts","statementMap":{"0":{"start":{"line":23,"column":8},"end":{"line":23,"column":21}},"1":{"start":{"line":24,"column":8},"end":{"line":24,"column":35}},"2":{"start":{"line":25,"column":8},"end":{"line":25,"column":35}},"3":{"start":{"line":26,"column":8},"end":{"line":26,"column":27}},"4":{"start":{"line":27,"column":8},"end":{"line":27,"column":27}},"5":{"start":{"line":31,"column":22},"end":{"line":31,"column":69}},"6":{"start":{"line":31,"column":50},"end":{"line":31,"column":68}},"7":{"start":{"line":32,"column":8},"end":{"line":32,"column":49}},"8":{"start":{"line":32,"column":32},"end":{"line":32,"column":49}},"9":{"start":{"line":33,"column":8},"end":{"line":33,"column":24}},"10":{"start":{"line":3,"column":0},"end":{"line":3,"column":13}}},"fnMap":{"0":{"name":"(anonymous_0)","decl":{"start":{"line":10,"column":4},"end":{"line":10,"column":16}},"loc":{"start":{"line":22,"column":5},"end":{"line":28,"column":5}}},"1":{"name":"(anonymous_1)","decl":{"start":{"line":30,"column":4},"end":{"line":30,"column":11}},"loc":{"start":{"line":30,"column":24},"end":{"line":34,"column":5}}},"2":{"name":"(anonymous_2)","decl":{"start":{"line":31,"column":40},"end":{"line":31,"column":41}},"loc":{"start":{"line":31,"column":50},"end":{"line":31,"column":68}}}},"branchMap":{"0":{"loc":{"start":{"line":32,"column":8},"end":{"line":32,"column":49}},"type":"if","locations":[{"start":{"line":32,"column":8},"end":{"line":32,"column":49}}]}},"s":{"0":1,"1":1,"2":1,"3":1,"4":1,"5":1,"6":1,"7":1,"8":0,"9":1,"10":1},"f":{"0":1,"1":1,"2":1},"b":{"0":[0]}}
,"/home/thiago.carvalho/Documents/node-projects/store-microservices/invoice/src/models/stock-item.ts": {"path":"/home/thiago.carvalho/Documents/node-projects/store-microservices/invoice/src/models/stock-item.ts","statementMap":{"0":{"start":{"line":6,"column":8},"end":{"line":6,"column":33}},"1":{"start":{"line":7,"column":8},"end":{"line":7,"column":25}},"2":{"start":{"line":1,"column":0},"end":{"line":1,"column":13}}},"fnMap":{"0":{"name":"(anonymous_0)","decl":{"start":{"line":5,"column":4},"end":{"line":5,"column":16}},"loc":{"start":{"line":5,"column":70},"end":{"line":8,"column":5}}}},"branchMap":{},"s":{"0":0,"1":0,"2":1},"f":{"0":0},"b":{}}
,"/home/thiago.carvalho/Documents/node-projects/store-microservices/invoice/src/services/generate-invoice.ts": {"path":"/home/thiago.carvalho/Documents/node-projects/store-microservices/invoice/src/services/generate-invoice.ts","statementMap":{"0":{"start":{"line":1,"column":0},"end":{"line":1,"column":50}},"1":{"start":{"line":2,"column":0},"end":{"line":2,"column":62}},"2":{"start":{"line":3,"column":0},"end":{"line":3,"column":36}},"3":{"start":{"line":4,"column":0},"end":{"line":4,"column":53}},"4":{"start":{"line":10,"column":25},"end":{"line":10,"column":65}},"5":{"start":{"line":11,"column":25},"end":{"line":11,"column":58}},"6":{"start":{"line":15,"column":8},"end":{"line":15,"column":65}},"7":{"start":{"line":16,"column":22},"end":{"line":18,"column":null}},"8":{"start":{"line":17,"column":29},"end":{"line":17,"column":57}},"9":{"start":{"line":20,"column":29},"end":{"line":22,"column":null}},"10":{"start":{"line":22,"column":16},"end":{"line":22,"column":60}},"11":{"start":{"line":24,"column":24},"end":{"line":29,"column":10}},"12":{"start":{"line":30,"column":26},"end":{"line":31,"column":null}},"13":{"start":{"line":31,"column":12},"end":{"line":31,"column":54}},"14":{"start":{"line":33,"column":27},"end":{"line":33,"column":55}},"15":{"start":{"line":34,"column":8},"end":{"line":36,"column":null}},"16":{"start":{"line":34,"column":38},"end":{"line":34,"column":43}},"17":{"start":{"line":35,"column":12},"end":{"line":35,"column":73}},"18":{"start":{"line":37,"column":8},"end":{"line":39,"column":10}},"19":{"start":{"line":40,"column":8},"end":{"line":50,"column":11}},"20":{"start":{"line":41,"column":12},"end":{"line":49,"column":null}},"21":{"start":{"line":42,"column":36},"end":{"line":42,"column":62}},"22":{"start":{"line":43,"column":16},"end":{"line":46,"column":22}},"23":{"start":{"line":44,"column":20},"end":{"line":46,"column":22}},"24":{"start":{"line":47,"column":16},"end":{"line":48,"column":75}},"25":{"start":{"line":48,"column":20},"end":{"line":48,"column":75}},"26":{"start":{"line":52,"column":8},"end":{"line":52,"column":45}},"27":{"start":{"line":8,"column":0},"end":{"line":8,"column":13}}},"fnMap":{"0":{"name":"(anonymous_7)","decl":{"start":{"line":9,"column":4},"end":{"line":9,"column":null}},"loc":{"start":{"line":11,"column":58},"end":{"line":12,"column":8}}},"1":{"name":"(anonymous_8)","decl":{"start":{"line":14,"column":10},"end":{"line":14,"column":17}},"loc":{"start":{"line":14,"column":62},"end":{"line":53,"column":null}}},"2":{"name":"(anonymous_10)","decl":{"start":{"line":17,"column":12},"end":{"line":17,"column":13}},"loc":{"start":{"line":17,"column":29},"end":{"line":17,"column":57}}},"3":{"name":"(anonymous_11)","decl":{"start":{"line":21,"column":12},"end":{"line":21,"column":13}},"loc":{"start":{"line":22,"column":16},"end":{"line":22,"column":60}}},"4":{"name":"(anonymous_12)","decl":{"start":{"line":30,"column":36},"end":{"line":30,"column":37}},"loc":{"start":{"line":31,"column":12},"end":{"line":31,"column":54}}},"5":{"name":"(anonymous_13)","decl":{"start":{"line":34,"column":28},"end":{"line":34,"column":29}},"loc":{"start":{"line":34,"column":38},"end":{"line":34,"column":43}}},"6":{"name":"(anonymous_14)","decl":{"start":{"line":40,"column":27},"end":{"line":40,"column":28}},"loc":{"start":{"line":40,"column":36},"end":{"line":50,"column":9}}}},"branchMap":{"0":{"loc":{"start":{"line":34,"column":8},"end":{"line":36,"column":null}},"type":"if","locations":[{"start":{"line":34,"column":8},"end":{"line":36,"column":null}}]},"1":{"loc":{"start":{"line":41,"column":12},"end":{"line":49,"column":null}},"type":"if","locations":[{"start":{"line":41,"column":12},"end":{"line":49,"column":null}}]},"2":{"loc":{"start":{"line":43,"column":16},"end":{"line":46,"column":22}},"type":"if","locations":[{"start":{"line":43,"column":16},"end":{"line":46,"column":22}}]},"3":{"loc":{"start":{"line":47,"column":16},"end":{"line":48,"column":75}},"type":"if","locations":[{"start":{"line":47,"column":16},"end":{"line":48,"column":75}}]}},"s":{"0":1,"1":1,"2":1,"3":1,"4":1,"5":1,"6":1,"7":1,"8":1,"9":1,"10":1,"11":1,"12":1,"13":1,"14":1,"15":1,"16":1,"17":0,"18":1,"19":1,"20":1,"21":1,"22":1,"23":0,"24":1,"25":0,"26":1,"27":1},"f":{"0":1,"1":1,"2":1,"3":1,"4":1,"5":1,"6":1},"b":{"0":[0],"1":[1],"2":[0],"3":[0]}}
,"/home/thiago.carvalho/Documents/node-projects/store-microservices/invoice/src/services/get-invoice.ts": {"path":"/home/thiago.carvalho/Documents/node-projects/store-microservices/invoice/src/services/get-invoice.ts","statementMap":{"0":{"start":{"line":5,"column":33},"end":{"line":5,"column":72}},"1":{"start":{"line":8,"column":8},"end":{"line":8,"column":44}},"2":{"start":{"line":4,"column":0},"end":{"line":4,"column":13}}},"fnMap":{"0":{"name":"(anonymous_0)","decl":{"start":{"line":5,"column":4},"end":{"line":5,"column":33}},"loc":{"start":{"line":5,"column":72},"end":{"line":5,"column":76}}},"1":{"name":"(anonymous_1)","decl":{"start":{"line":7,"column":4},"end":{"line":7,"column":11}},"loc":{"start":{"line":7,"column":11},"end":{"line":9,"column":5}}}},"branchMap":{},"s":{"0":0,"1":0,"2":1},"f":{"0":0,"1":0},"b":{}}
,"/home/thiago.carvalho/Documents/node-projects/store-microservices/invoice/src/services/index.ts": {"path":"/home/thiago.carvalho/Documents/node-projects/store-microservices/invoice/src/services/index.ts","statementMap":{"0":{"start":{"line":1,"column":0},"end":{"line":1,"column":30}},"1":{"start":{"line":2,"column":0},"end":{"line":2,"column":35}}},"fnMap":{},"branchMap":{},"s":{"0":1,"1":1},"f":{},"b":{}}
}
